May 15, 2019 10:25:14 PM com.rtproject.CheckURL run
INFO: http://chess-results.com/tnr424279.aspx?lan=1&art=1&rd=8 - Not Exist
May 15, 2019 10:25:14 PM com.rtproject.CheckURL run
INFO: http://chess-results.coom - Not Exist
May 15, 2019 10:25:14 PM com.rtproject.CheckURL run
INFO: http://chess-results.com/tnr424274.aspx?lan=1&art=1&rd=8 - Not Exist
May 15, 2019 10:25:14 PM com.rtproject.CheckURL run
INFO: http://chess-results.com/tnr424280.aspx?lan=1&art=1&rd=8 - Not Exist
May 15, 2019 10:25:14 PM com.rtproject.CheckURL run
INFO: http://chess-results.com/tnr424276.aspx?lan=1&art=1&rd=8 - Not Exist
May 15, 2019 10:25:14 PM com.rtproject.CheckURL run
INFO: http://chess-results.com/tnr424278.aspx?lan=1&art=1&rd=8 - Not Exist
May 15, 2019 10:25:14 PM com.rtproject.CheckURL run
INFO: http://chess-results.com/tnr424277.aspx?lan=1&art=1&rd=8 - Not Exist
May 15, 2019 10:25:14 PM com.rtproject.CheckURL run
INFO: http://chess-results.com/tnr424275.aspx?lan=1&art=1&rd=7 - Not Exist
May 15, 2019 10:25:14 PM com.rtproject.CheckURL run
INFO: http://chess-results.my - Not Exist
May 15, 2019 10:25:15 PM com.rtproject.CheckURL run
INFO: http://chess-results.coom - Not Exist
May 15, 2019 10:25:15 PM com.rtproject.CheckURL run
INFO: http://chess-results.my - Not Exist
May 15, 2019 10:25:15 PM com.rtproject.CheckURL run
INFO: http://chess-results.com/tnr424280.aspx?lan=1&art=1&rd=15 - Not Exist
May 15, 2019 10:25:15 PM com.rtproject.CheckURL run
INFO: http://chess-results.com/tnr424281.aspx?lan=1&art=1&rd=8 - Not Exist
May 15, 2019 10:25:15 PM com.rtproject.CheckURL run
INFO: http://chess-results.com/tnr424282.aspx?lan=1&art=1&rd=8 - Not Exist
May 15, 2019 10:25:15 PM com.rtproject.CheckURL run
INFO: http://chess-results.com/tnr424286.aspx?lan=1&art=1&rd=8 - Not Exist
May 15, 2019 10:25:15 PM com.rtproject.CheckURL run
INFO: http://chess-results.com/tnr424287.aspx?lan=1&art=1 - Not Exist
